2021-09-04 10:16:17,760 - My shop - WARNING - Wrong input
2021-09-04 10:16:17,760 - My shop - WARNING - Wrong input
2021-09-04 10:16:50,046 - My shop - INFO - Log in succesed
2021-09-04 10:16:50,046 - My shop - INFO - Log in succesed
2021-09-04 10:16:57,267 - My shop - INFO - items added to cart
2021-09-04 10:16:57,267 - My shop - INFO - items added to cart
2021-09-04 10:17:37,800 - My shop - INFO - Payment done
2021-09-04 10:17:37,800 - My shop - INFO - Payment done
2021-09-04 10:25:11,339 - My shop - INFO - items added to cart
2021-09-04 10:25:11,339 - My shop - INFO - items added to cart
2021-09-04 10:25:33,510 - My shop - INFO - User logouted
2021-09-04 10:25:33,510 - My shop - INFO - User logouted
2021-09-04 10:25:50,897 - My shop - WARNING - Wrong input
2021-09-04 10:25:50,897 - My shop - WARNING - Wrong input
2021-09-04 10:26:26,796 - My shop - WARNING - Wrong input
2021-09-04 10:26:26,796 - My shop - WARNING - Wrong input
2021-09-04 10:28:32,700 - My shop - INFO - Log in succesed
2021-09-04 10:28:32,700 - My shop - INFO - Log in succesed
2021-09-04 10:28:37,133 - My shop - INFO - items added to cart
2021-09-04 10:28:37,133 - My shop - INFO - items added to cart
2021-09-04 10:29:17,296 - My shop - INFO - Payment done
2021-09-04 10:29:17,296 - My shop - INFO - Payment done
2021-09-06 16:55:04,609 - My shop - WARNING - Wrong input
2021-09-06 16:55:04,609 - My shop - WARNING - Wrong input
2021-09-06 16:55:10,064 - My shop - INFO - Log in succesed
2021-09-06 16:55:10,064 - My shop - INFO - Log in succesed
2021-09-06 16:57:58,075 - My shop - INFO - items added to cart
2021-09-06 16:57:58,075 - My shop - INFO - items added to cart
2021-09-06 18:47:21,367 - My shop - INFO - User logouted
2021-09-06 18:47:21,367 - My shop - INFO - User logouted
2021-09-06 18:48:16,042 - My shop - INFO - Log in succesed
2021-09-06 18:48:16,042 - My shop - INFO - Log in succesed
2021-09-06 18:48:23,368 - My shop - INFO - items added to cart
2021-09-06 18:48:23,368 - My shop - INFO - items added to cart
2021-09-06 18:51:05,749 - My shop - INFO - Payment canceled
2021-09-06 18:51:05,749 - My shop - INFO - Payment canceled
2021-09-06 19:07:02,445 - My shop - INFO - User logouted
2021-09-06 19:07:02,445 - My shop - INFO - User logouted
2021-09-06 19:07:50,768 - My shop - WARNING - Wrong input
2021-09-06 19:07:50,768 - My shop - WARNING - Wrong input
2021-09-06 19:10:10,259 - My shop - WARNING - Invalid registration
2021-09-06 19:10:10,259 - My shop - WARNING - Invalid registration
2021-09-06 19:54:00,766 - My shop - WARNING - Wrong input
2021-09-06 19:54:00,766 - My shop - WARNING - Wrong input
2021-09-06 19:54:23,648 - My shop - WARNING - Invalid registration
2021-09-06 19:54:23,648 - My shop - WARNING - Invalid registration
2021-09-06 19:54:40,239 - My shop - WARNING - Invalid registration
2021-09-06 19:54:40,239 - My shop - WARNING - Invalid registration
2021-09-06 19:55:43,120 - My shop - WARNING - Invalid registration
2021-09-06 19:55:43,120 - My shop - WARNING - Invalid registration
2021-09-06 19:55:59,553 - My shop - WARNING - Invalid registration
2021-09-06 19:55:59,553 - My shop - WARNING - Invalid registration
2021-09-06 19:56:15,598 - My shop - WARNING - Wrong input
2021-09-06 19:56:15,598 - My shop - WARNING - Wrong input
2021-09-06 20:00:57,386 - My shop - WARNING - Invalid registration
2021-09-06 20:00:57,386 - My shop - WARNING - Invalid registration
2021-09-06 20:01:03,484 - My shop - WARNING - Invalid registration
2021-09-06 20:01:03,484 - My shop - WARNING - Invalid registration
2021-09-06 20:01:11,073 - My shop - WARNING - Invalid registration
2021-09-06 20:01:11,073 - My shop - WARNING - Invalid registration
2021-09-06 20:01:24,970 - My shop - WARNING - Invalid registration
2021-09-06 20:01:24,970 - My shop - WARNING - Invalid registration
2021-09-06 20:03:09,961 - My shop - WARNING - Invalid registration
2021-09-06 20:03:09,961 - My shop - WARNING - Invalid registration
2021-09-06 20:03:21,010 - My shop - WARNING - Invalid registration
2021-09-06 20:03:21,010 - My shop - WARNING - Invalid registration
2021-09-06 20:03:42,650 - My shop - WARNING - Invalid registration
2021-09-06 20:03:42,650 - My shop - WARNING - Invalid registration
2021-09-06 20:16:25,843 - My shop - WARNING - Invalid registration
2021-09-06 20:16:25,843 - My shop - WARNING - Invalid registration
2021-09-06 20:26:27,108 - My shop - WARNING - Invalid registration
2021-09-06 20:26:27,108 - My shop - WARNING - Invalid registration
2021-09-06 20:26:36,684 - My shop - WARNING - Invalid registration
2021-09-06 20:26:36,684 - My shop - WARNING - Invalid registration
2021-09-06 20:26:48,695 - My shop - WARNING - Invalid registration
2021-09-06 20:26:48,695 - My shop - WARNING - Invalid registration
2021-09-06 20:28:08,285 - My shop - WARNING - Invalid registration
2021-09-06 20:28:08,285 - My shop - WARNING - Invalid registration
2021-09-06 20:28:51,341 - My shop - WARNING - Invalid registration
2021-09-06 20:28:51,341 - My shop - WARNING - Invalid registration
2021-09-06 20:29:38,748 - My shop - WARNING - Invalid registration
2021-09-06 20:29:38,748 - My shop - WARNING - Invalid registration
2021-09-06 20:29:46,625 - My shop - WARNING - Invalid registration
2021-09-06 20:29:46,625 - My shop - WARNING - Invalid registration
2021-09-06 20:30:38,079 - My shop - WARNING - Invalid registration
2021-09-06 20:30:38,079 - My shop - WARNING - Invalid registration
2021-09-06 20:30:48,233 - My shop - WARNING - Invalid registration
2021-09-06 20:30:48,233 - My shop - WARNING - Invalid registration
2021-09-06 20:32:46,878 - My shop - WARNING - Invalid registration
2021-09-06 20:32:46,878 - My shop - WARNING - Invalid registration
2021-09-06 20:32:53,316 - My shop - WARNING - Invalid registration
2021-09-06 20:32:53,316 - My shop - WARNING - Invalid registration
2021-09-06 20:32:57,368 - My shop - WARNING - Invalid registration
2021-09-06 20:32:57,368 - My shop - WARNING - Invalid registration
2021-09-06 20:34:06,716 - My shop - WARNING - Invalid registration
2021-09-06 20:34:06,716 - My shop - WARNING - Invalid registration
2021-09-06 20:34:12,311 - My shop - WARNING - Invalid registration
2021-09-06 20:34:12,311 - My shop - WARNING - Invalid registration
2021-09-06 20:53:01,565 - My shop - INFO - Log in succesed
2021-09-06 20:53:01,565 - My shop - INFO - Log in succesed
2021-09-07 10:44:52,328 - My shop - INFO - items added to cart
2021-09-07 10:44:52,328 - My shop - INFO - items added to cart
2021-09-07 10:45:14,813 - My shop - INFO - Payment done
2021-09-07 10:45:14,813 - My shop - INFO - Payment done
2021-09-07 10:45:51,801 - My shop - WARNING - Wrong input
2021-09-07 10:45:51,801 - My shop - WARNING - Wrong input
